<?xml version="1.0" encoding="UTF-8"?>
<!-- Generated by org.testng.reporters.JUnitReportReporter -->
<testsuite hostname="kartik.local" name="com.noon.iosapp.LoginByEmailTest" tests="1" failures="0" timestamp="11 Apr 2017 11:48:53 GMT" time="69.429" errors="0">
  <testcase name="loginByEmail" time="69.429" classname="com.noon.iosapp.LoginByEmailTest"/>
</testsuite> <!-- com.noon.iosapp.LoginByEmailTest -->
