<?xml version="1.0" encoding="UTF-8"?>
<!-- Generated by org.testng.reporters.JUnitReportReporter -->
<testsuite hostname="kartik.local" name="com.noon.iosapp.SigninByPhoneTest" tests="1" failures="0" timestamp="28 Mar 2017 07:41:30 GMT" time="258.242" errors="0">
  <testcase name="loginByPhone" time="258.242" classname="com.noon.iosapp.SigninByPhoneTest"/>
</testsuite> <!-- com.noon.iosapp.SigninByPhoneTest -->
