<?xml version="1.0" encoding="UTF-8"?>
<!-- Generated by org.testng.reporters.JUnitReportReporter -->
<testsuite hostname="kartik.local" name="com.noon.iosapp.SideBarLinksTest" tests="1" failures="0" timestamp="11 Apr 2017 11:48:53 GMT" time="40.481" errors="0">
  <testcase name="sideBarLinks" time="40.481" classname="com.noon.iosapp.SideBarLinksTest"/>
</testsuite> <!-- com.noon.iosapp.SideBarLinksTest -->
