<?xml version="1.0" encoding="UTF-8"?>
<!-- Generated by org.testng.reporters.JUnitReportReporter -->
<testsuite hostname="kartik.local" name="com.noon.iosapp.AddCreditCardWalletTest" tests="1" failures="0" timestamp="11 Apr 2017 11:48:53 GMT" time="114.157" errors="0">
  <testcase name="addCreditCardWallet" time="114.157" classname="com.noon.iosapp.AddCreditCardWalletTest"/>
</testsuite> <!-- com.noon.iosapp.AddCreditCardWalletTest -->
