<?xml version="1.0" encoding="UTF-8"?>
<!-- Generated by org.testng.reporters.JUnitReportReporter -->
<testsuite hostname="kartik.local" name="com.noon.iosapp.LoginByPhoneTest" tests="1" failures="0" timestamp="6 Apr 2017 12:08:53 GMT" time="204.207" errors="0">
  <testcase name="loginByPhone" time="204.207" classname="com.noon.iosapp.LoginByPhoneTest"/>
</testsuite> <!-- com.noon.iosapp.LoginByPhoneTest -->
