<?xml version="1.0" encoding="UTF-8"?>
<!-- Generated by org.testng.reporters.JUnitReportReporter -->
<testsuite hostname="kartik.local" name="com.noon.iosapp.AddToCartTest" tests="1" failures="0" timestamp="6 Apr 2017 12:08:53 GMT" time="48.947" errors="0">
  <testcase name="addToCart" time="48.947" classname="com.noon.iosapp.AddToCartTest"/>
</testsuite> <!-- com.noon.iosapp.AddToCartTest -->
