<?xml version="1.0" encoding="UTF-8"?>
<!-- Generated by org.testng.reporters.JUnitReportReporter -->
<testsuite hostname="kartik.local" name="com.noon.iosapp.ProductDetailsTest" tests="1" failures="0" timestamp="6 Apr 2017 12:08:53 GMT" time="57.913" errors="0">
  <testcase name="prodcutDetails" time="57.913" classname="com.noon.iosapp.ProductDetailsTest"/>
</testsuite> <!-- com.noon.iosapp.ProductDetailsTest -->
