<?xml version="1.0" encoding="UTF-8"?>
<!-- Generated by org.testng.reporters.JUnitReportReporter -->
<testsuite hostname="kartik.local" name="com.noon.iosapp.LoginByEmailTest" tests="1" failures="0" timestamp="6 Apr 2017 12:08:53 GMT" time="71.535" errors="0">
  <testcase name="loginByEmail" time="71.535" classname="com.noon.iosapp.LoginByEmailTest"/>
</testsuite> <!-- com.noon.iosapp.LoginByEmailTest -->
