<?xml version="1.0" encoding="UTF-8"?>
<!-- Generated by org.testng.reporters.JUnitReportReporter -->
<testsuite hostname="kartik.local" name="com.noon.iosapp.SplashScreenTest" tests="1" failures="0" timestamp="11 Apr 2017 11:48:53 GMT" time="20.343" errors="0">
  <testcase name="SplashScreen" time="20.343" classname="com.noon.iosapp.SplashScreenTest"/>
</testsuite> <!-- com.noon.iosapp.SplashScreenTest -->
