<?xml version="1.0" encoding="UTF-8"?>
<!-- Generated by org.testng.reporters.JUnitReportReporter -->
<testsuite hostname="kartik.local" name="com.noon.iosapp.AddCreditCardWalletTest" tests="1" failures="0" timestamp="6 Apr 2017 12:08:53 GMT" time="148.519" errors="0">
  <testcase name="addCreditCardWallet" time="148.519" classname="com.noon.iosapp.AddCreditCardWalletTest"/>
</testsuite> <!-- com.noon.iosapp.AddCreditCardWalletTest -->
