<?xml version="1.0" encoding="UTF-8"?>
<!-- Generated by org.testng.reporters.JUnitReportReporter -->
<testsuite hostname="kartik.local" name="com.noon.iosapp.LocalizationTest" tests="1" failures="0" timestamp="6 Apr 2017 12:08:53 GMT" time="30.211" errors="0">
  <testcase name="prodcutDetails" time="30.211" classname="com.noon.iosapp.LocalizationTest"/>
</testsuite> <!-- com.noon.iosapp.LocalizationTest -->
