<?xml version="1.0" encoding="UTF-8"?>
<!-- Generated by org.testng.reporters.JUnitReportReporter -->
<testsuite hostname="kartik.local" name="com.noon.iosapp.LoginByPhoneTest" tests="1" failures="0" timestamp="11 Apr 2017 11:48:53 GMT" time="203.016" errors="0">
  <testcase name="loginByPhone" time="203.016" classname="com.noon.iosapp.LoginByPhoneTest"/>
</testsuite> <!-- com.noon.iosapp.LoginByPhoneTest -->
