<?xml version="1.0" encoding="UTF-8"?>
<!-- Generated by org.testng.reporters.JUnitReportReporter -->
<testsuite hostname="kartik.local" name="com.noon.iosapp.EditCartTest" tests="1" failures="0" timestamp="6 Apr 2017 12:08:53 GMT" time="46.065" errors="0">
  <testcase name="editCartItems" time="46.065" classname="com.noon.iosapp.EditCartTest"/>
</testsuite> <!-- com.noon.iosapp.EditCartTest -->
