<?xml version="1.0" encoding="UTF-8"?>
<!-- Generated by org.testng.reporters.JUnitReportReporter -->
<testsuite hostname="kartik.local" name="com.noon.iosapp.LocalizationTest" tests="1" failures="0" timestamp="11 Apr 2017 11:48:53 GMT" time="25.736" errors="0">
  <testcase name="prodcutDetails" time="25.736" classname="com.noon.iosapp.LocalizationTest"/>
</testsuite> <!-- com.noon.iosapp.LocalizationTest -->
