<?xml version="1.0" encoding="UTF-8"?>
<!-- Generated by org.testng.reporters.JUnitReportReporter -->
<testsuite hostname="kartik.local" name="com.noon.iosapp.SearchTest" tests="1" failures="0" timestamp="6 Apr 2017 12:08:53 GMT" time="37.800" errors="0">
  <testcase name="searchItems" time="37.800" classname="com.noon.iosapp.SearchTest"/>
</testsuite> <!-- com.noon.iosapp.SearchTest -->
