<?xml version="1.0" encoding="UTF-8"?>
<!-- Generated by org.testng.reporters.JUnitReportReporter -->
<testsuite hostname="kartik.local" name="com.noon.iosapp.BuyNowTest" tests="1" failures="0" timestamp="6 Apr 2017 12:08:53 GMT" time="47.008" errors="0">
  <testcase name="buyNowItems" time="47.008" classname="com.noon.iosapp.BuyNowTest"/>
</testsuite> <!-- com.noon.iosapp.BuyNowTest -->
