<?xml version="1.0" encoding="UTF-8"?>
<!-- Generated by org.testng.reporters.JUnitReportReporter -->
<testsuite hostname="kartik.local" name="com.noon.iosapp.SplashScreenTest" tests="1" failures="0" timestamp="6 Apr 2017 12:08:53 GMT" time="24.178" errors="0">
  <testcase name="SplashScreen" time="24.178" classname="com.noon.iosapp.SplashScreenTest"/>
</testsuite> <!-- com.noon.iosapp.SplashScreenTest -->
