<?xml version="1.0" encoding="UTF-8"?>
<!-- Generated by org.testng.reporters.JUnitReportReporter -->
<testsuite hostname="kartik.local" name="com.noon.iosapp.SideBarLinksTest" tests="1" failures="0" timestamp="6 Apr 2017 12:08:53 GMT" time="44.872" errors="0">
  <testcase name="sideBarLinks" time="44.872" classname="com.noon.iosapp.SideBarLinksTest"/>
</testsuite> <!-- com.noon.iosapp.SideBarLinksTest -->
